<?xml version="1.0" encoding="UTF-8"?>
<!-- Generated by org.testng.reporters.JUnitReportReporter -->
<testsuite hostname="DESKTOP-0OH831K" failures="0" tests="5" name="independentarabia.independentarabia.TC001openApp" time="26.555" errors="0" timestamp="2025-05-11T11:37:34 EET" skipped="0">
  <testcase classname="independentarabia.independentarabia.TC001openApp" name="TC001AppLaunch" time="6.086"/>
  <system-out/>
  <testcase classname="independentarabia.independentarabia.TC001openApp" name="TC002Login" time="13.048"/>
  <system-out/>
  <testcase classname="independentarabia.independentarabia.TC001openApp" name="TC003_OpenPolicyTab_And_ClickNext" time="2.998"/>
  <system-out/>
  <testcase classname="independentarabia.independentarabia.TC001openApp" name="TC004clickNextButton" time="0.784"/>
  <system-out/>
  <testcase classname="independentarabia.independentarabia.TC001openApp" name="TC005denyPermissionPopup" time="3.639"/>
  <system-out/>
</testsuite> <!-- independentarabia.independentarabia.TC001openApp -->
