<?xml version="1.0" encoding="UTF-8"?>
<!-- Generated by org.testng.reporters.JUnitReportReporter -->
<testsuite hostname="DESKTOP-0OH831K" failures="0" tests="5" name="independentarabia.independentarabia.TC001openApp" time="26.692" errors="0" timestamp="2025-05-12T10:02:28 EET" skipped="0">
  <testcase classname="independentarabia.independentarabia.TC001openApp" name="TC001AppLaunch" time="6.323"/>
  <system-out/>
  <testcase classname="independentarabia.independentarabia.TC001openApp" name="TC002Login" time="13.049"/>
  <system-out/>
  <testcase classname="independentarabia.independentarabia.TC001openApp" name="TC003_OpenPolicyTab_And_ClickNext" time="3.479"/>
  <system-out/>
  <testcase classname="independentarabia.independentarabia.TC001openApp" name="TC004clickNextButton" time="0.816"/>
  <system-out/>
  <testcase classname="independentarabia.independentarabia.TC001openApp" name="TC005denyPermissionPopup" time="3.025"/>
  <system-out/>
</testsuite> <!-- independentarabia.independentarabia.TC001openApp -->
